  Origem.cpp
d:\john\ifc 5fase\materias\computacao grafica\programas cod\megamania_versionjohn\megamania_versionjohn\origem.cpp(125): warning C4244: '=': conversão de 'int' para 'float', possível perda de dados
d:\john\ifc 5fase\materias\computacao grafica\programas cod\megamania_versionjohn\megamania_versionjohn\origem.cpp(133): warning C4474: 'printf': excesso de argumentos transmitidos para cadeia de caracteres de formato
  d:\john\ifc 5fase\materias\computacao grafica\programas cod\megamania_versionjohn\megamania_versionjohn\origem.cpp(133): note: espaços reservados e seus parâmetros esperam 0 argumentos variadic, mas 1 foram fornecidos
d:\john\ifc 5fase\materias\computacao grafica\programas cod\megamania_versionjohn\megamania_versionjohn\origem.cpp(155): warning C4805: '==': mistura não segura de tipo 'BOOLEAN' e tipo 'bool' em operação
d:\john\ifc 5fase\materias\computacao grafica\programas cod\megamania_versionjohn\megamania_versionjohn\origem.cpp(156): warning C4305: '-=': truncamento de 'double' para 'float'
d:\john\ifc 5fase\materias\computacao grafica\programas cod\megamania_versionjohn\megamania_versionjohn\origem.cpp(158): warning C4805: '==': mistura não segura de tipo 'BOOLEAN' e tipo 'bool' em operação
d:\john\ifc 5fase\materias\computacao grafica\programas cod\megamania_versionjohn\megamania_versionjohn\origem.cpp(661): warning C4244: 'argumento': conversão de 'int' para 'GLfloat', possível perda de dados
d:\john\ifc 5fase\materias\computacao grafica\programas cod\megamania_versionjohn\megamania_versionjohn\origem.cpp(672): warning C4244: '=': conversão de 'int' para 'float', possível perda de dados
d:\john\ifc 5fase\materias\computacao grafica\programas cod\megamania_versionjohn\megamania_versionjohn\origem.cpp(679): warning C4244: 'argumento': conversão de 'int' para 'GLfloat', possível perda de dados
d:\john\ifc 5fase\materias\computacao grafica\programas cod\megamania_versionjohn\megamania_versionjohn\origem.cpp(697): warning C4305: 'argumento': truncamento de 'double' para 'GLfloat'
d:\john\ifc 5fase\materias\computacao grafica\programas cod\megamania_versionjohn\megamania_versionjohn\origem.cpp(729): warning C4244: 'argumento': conversão de 'int' para 'GLfloat', possível perda de dados
d:\john\ifc 5fase\materias\computacao grafica\programas cod\megamania_versionjohn\megamania_versionjohn\origem.cpp(778): warning C4305: 'argumento': truncamento de 'double' para 'GLfloat'
d:\john\ifc 5fase\materias\computacao grafica\programas cod\megamania_versionjohn\megamania_versionjohn\origem.cpp(789): warning C4244: 'argumento': conversão de 'int' para 'GLfloat', possível perda de dados
d:\john\ifc 5fase\materias\computacao grafica\programas cod\megamania_versionjohn\megamania_versionjohn\origem.cpp(794): warning C4805: '==': mistura não segura de tipo 'BOOLEAN' e tipo 'bool' em operação
d:\john\ifc 5fase\materias\computacao grafica\programas cod\megamania_versionjohn\megamania_versionjohn\origem.cpp(817): warning C4244: 'argumento': conversão de 'int' para 'GLfloat', possível perda de dados
d:\john\ifc 5fase\materias\computacao grafica\programas cod\megamania_versionjohn\megamania_versionjohn\origem.cpp(862): warning C4244: 'argumento': conversão de 'double' para 'GLfloat', possível perda de dados
d:\john\ifc 5fase\materias\computacao grafica\programas cod\megamania_versionjohn\megamania_versionjohn\origem.cpp(872): warning C4805: '==': mistura não segura de tipo 'BOOLEAN' e tipo 'bool' em operação
d:\john\ifc 5fase\materias\computacao grafica\programas cod\megamania_versionjohn\megamania_versionjohn\origem.cpp(881): warning C4805: '==': mistura não segura de tipo 'BOOLEAN' e tipo 'bool' em operação
d:\john\ifc 5fase\materias\computacao grafica\programas cod\megamania_versionjohn\megamania_versionjohn\origem.cpp(890): warning C4805: '==': mistura não segura de tipo 'BOOLEAN' e tipo 'bool' em operação
d:\john\ifc 5fase\materias\computacao grafica\programas cod\megamania_versionjohn\megamania_versionjohn\origem.cpp(899): warning C4805: '==': mistura não segura de tipo 'BOOLEAN' e tipo 'bool' em operação
d:\john\ifc 5fase\materias\computacao grafica\programas cod\megamania_versionjohn\megamania_versionjohn\origem.cpp(908): warning C4805: '==': mistura não segura de tipo 'BOOLEAN' e tipo 'bool' em operação
d:\john\ifc 5fase\materias\computacao grafica\programas cod\megamania_versionjohn\megamania_versionjohn\origem.cpp(917): warning C4805: '==': mistura não segura de tipo 'BOOLEAN' e tipo 'bool' em operação
d:\john\ifc 5fase\materias\computacao grafica\programas cod\megamania_versionjohn\megamania_versionjohn\origem.cpp(926): warning C4805: '==': mistura não segura de tipo 'BOOLEAN' e tipo 'bool' em operação
d:\john\ifc 5fase\materias\computacao grafica\programas cod\megamania_versionjohn\megamania_versionjohn\origem.cpp(935): warning C4805: '==': mistura não segura de tipo 'BOOLEAN' e tipo 'bool' em operação
d:\john\ifc 5fase\materias\computacao grafica\programas cod\megamania_versionjohn\megamania_versionjohn\origem.cpp(944): warning C4805: '==': mistura não segura de tipo 'BOOLEAN' e tipo 'bool' em operação
d:\john\ifc 5fase\materias\computacao grafica\programas cod\megamania_versionjohn\megamania_versionjohn\origem.cpp(953): warning C4805: '==': mistura não segura de tipo 'BOOLEAN' e tipo 'bool' em operação
d:\john\ifc 5fase\materias\computacao grafica\programas cod\megamania_versionjohn\megamania_versionjohn\origem.cpp(968): warning C4805: '==': mistura não segura de tipo 'BOOLEAN' e tipo 'bool' em operação
d:\john\ifc 5fase\materias\computacao grafica\programas cod\megamania_versionjohn\megamania_versionjohn\origem.cpp(972): warning C4305: 'argumento': truncamento de 'double' para 'GLfloat'
d:\john\ifc 5fase\materias\computacao grafica\programas cod\megamania_versionjohn\megamania_versionjohn\origem.cpp(982): warning C4805: '==': mistura não segura de tipo 'BOOLEAN' e tipo 'bool' em operação
d:\john\ifc 5fase\materias\computacao grafica\programas cod\megamania_versionjohn\megamania_versionjohn\origem.cpp(986): warning C4305: 'argumento': truncamento de 'double' para 'GLfloat'
d:\john\ifc 5fase\materias\computacao grafica\programas cod\megamania_versionjohn\megamania_versionjohn\origem.cpp(995): warning C4805: '==': mistura não segura de tipo 'BOOLEAN' e tipo 'bool' em operação
d:\john\ifc 5fase\materias\computacao grafica\programas cod\megamania_versionjohn\megamania_versionjohn\origem.cpp(999): warning C4305: 'argumento': truncamento de 'double' para 'GLfloat'
d:\john\ifc 5fase\materias\computacao grafica\programas cod\megamania_versionjohn\megamania_versionjohn\origem.cpp(1008): warning C4805: '==': mistura não segura de tipo 'BOOLEAN' e tipo 'bool' em operação
d:\john\ifc 5fase\materias\computacao grafica\programas cod\megamania_versionjohn\megamania_versionjohn\origem.cpp(1012): warning C4305: 'argumento': truncamento de 'double' para 'GLfloat'
d:\john\ifc 5fase\materias\computacao grafica\programas cod\megamania_versionjohn\megamania_versionjohn\origem.cpp(1021): warning C4805: '==': mistura não segura de tipo 'BOOLEAN' e tipo 'bool' em operação
d:\john\ifc 5fase\materias\computacao grafica\programas cod\megamania_versionjohn\megamania_versionjohn\origem.cpp(1025): warning C4305: 'argumento': truncamento de 'double' para 'GLfloat'
d:\john\ifc 5fase\materias\computacao grafica\programas cod\megamania_versionjohn\megamania_versionjohn\origem.cpp(1034): warning C4805: '==': mistura não segura de tipo 'BOOLEAN' e tipo 'bool' em operação
d:\john\ifc 5fase\materias\computacao grafica\programas cod\megamania_versionjohn\megamania_versionjohn\origem.cpp(1038): warning C4305: 'argumento': truncamento de 'double' para 'GLfloat'
d:\john\ifc 5fase\materias\computacao grafica\programas cod\megamania_versionjohn\megamania_versionjohn\origem.cpp(1047): warning C4805: '==': mistura não segura de tipo 'BOOLEAN' e tipo 'bool' em operação
d:\john\ifc 5fase\materias\computacao grafica\programas cod\megamania_versionjohn\megamania_versionjohn\origem.cpp(1051): warning C4305: 'argumento': truncamento de 'double' para 'GLfloat'
d:\john\ifc 5fase\materias\computacao grafica\programas cod\megamania_versionjohn\megamania_versionjohn\origem.cpp(1060): warning C4805: '==': mistura não segura de tipo 'BOOLEAN' e tipo 'bool' em operação
d:\john\ifc 5fase\materias\computacao grafica\programas cod\megamania_versionjohn\megamania_versionjohn\origem.cpp(1064): warning C4305: 'argumento': truncamento de 'double' para 'GLfloat'
d:\john\ifc 5fase\materias\computacao grafica\programas cod\megamania_versionjohn\megamania_versionjohn\origem.cpp(1076): warning C4244: 'argumento': conversão de 'int' para 'GLfloat', possível perda de dados
d:\john\ifc 5fase\materias\computacao grafica\programas cod\megamania_versionjohn\megamania_versionjohn\origem.cpp(1077): warning C4244: 'argumento': conversão de 'int' para 'GLfloat', possível perda de dados
d:\john\ifc 5fase\materias\computacao grafica\programas cod\megamania_versionjohn\megamania_versionjohn\origem.cpp(1078): warning C4244: 'argumento': conversão de 'int' para 'GLfloat', possível perda de dados
d:\john\ifc 5fase\materias\computacao grafica\programas cod\megamania_versionjohn\megamania_versionjohn\origem.cpp(1079): warning C4244: 'argumento': conversão de 'int' para 'GLfloat', possível perda de dados
d:\john\ifc 5fase\materias\computacao grafica\programas cod\megamania_versionjohn\megamania_versionjohn\origem.cpp(1084): warning C4244: 'argumento': conversão de 'int' para 'GLfloat', possível perda de dados
d:\john\ifc 5fase\materias\computacao grafica\programas cod\megamania_versionjohn\megamania_versionjohn\origem.cpp(1085): warning C4244: 'argumento': conversão de 'int' para 'GLfloat', possível perda de dados
d:\john\ifc 5fase\materias\computacao grafica\programas cod\megamania_versionjohn\megamania_versionjohn\origem.cpp(1086): warning C4244: 'argumento': conversão de 'int' para 'GLfloat', possível perda de dados
d:\john\ifc 5fase\materias\computacao grafica\programas cod\megamania_versionjohn\megamania_versionjohn\origem.cpp(1087): warning C4244: 'argumento': conversão de 'int' para 'GLfloat', possível perda de dados
d:\john\ifc 5fase\materias\computacao grafica\programas cod\megamania_versionjohn\megamania_versionjohn\origem.cpp(1092): warning C4244: 'argumento': conversão de 'int' para 'GLfloat', possível perda de dados
d:\john\ifc 5fase\materias\computacao grafica\programas cod\megamania_versionjohn\megamania_versionjohn\origem.cpp(1093): warning C4244: 'argumento': conversão de 'int' para 'GLfloat', possível perda de dados
d:\john\ifc 5fase\materias\computacao grafica\programas cod\megamania_versionjohn\megamania_versionjohn\origem.cpp(1094): warning C4244: 'argumento': conversão de 'int' para 'GLfloat', possível perda de dados
d:\john\ifc 5fase\materias\computacao grafica\programas cod\megamania_versionjohn\megamania_versionjohn\origem.cpp(1095): warning C4244: 'argumento': conversão de 'int' para 'GLfloat', possível perda de dados
d:\john\ifc 5fase\materias\computacao grafica\programas cod\megamania_versionjohn\megamania_versionjohn\origem.cpp(1100): warning C4244: 'argumento': conversão de 'int' para 'GLfloat', possível perda de dados
d:\john\ifc 5fase\materias\computacao grafica\programas cod\megamania_versionjohn\megamania_versionjohn\origem.cpp(1101): warning C4244: 'argumento': conversão de 'int' para 'GLfloat', possível perda de dados
d:\john\ifc 5fase\materias\computacao grafica\programas cod\megamania_versionjohn\megamania_versionjohn\origem.cpp(1102): warning C4244: 'argumento': conversão de 'int' para 'GLfloat', possível perda de dados
d:\john\ifc 5fase\materias\computacao grafica\programas cod\megamania_versionjohn\megamania_versionjohn\origem.cpp(1103): warning C4244: 'argumento': conversão de 'int' para 'GLfloat', possível perda de dados
d:\john\ifc 5fase\materias\computacao grafica\programas cod\megamania_versionjohn\megamania_versionjohn\origem.cpp(1108): warning C4244: 'argumento': conversão de 'int' para 'GLfloat', possível perda de dados
d:\john\ifc 5fase\materias\computacao grafica\programas cod\megamania_versionjohn\megamania_versionjohn\origem.cpp(1109): warning C4244: 'argumento': conversão de 'int' para 'GLfloat', possível perda de dados
d:\john\ifc 5fase\materias\computacao grafica\programas cod\megamania_versionjohn\megamania_versionjohn\origem.cpp(1110): warning C4244: 'argumento': conversão de 'int' para 'GLfloat', possível perda de dados
d:\john\ifc 5fase\materias\computacao grafica\programas cod\megamania_versionjohn\megamania_versionjohn\origem.cpp(1111): warning C4244: 'argumento': conversão de 'int' para 'GLfloat', possível perda de dados
d:\john\ifc 5fase\materias\computacao grafica\programas cod\megamania_versionjohn\megamania_versionjohn\origem.cpp(1116): warning C4244: 'argumento': conversão de 'int' para 'GLfloat', possível perda de dados
d:\john\ifc 5fase\materias\computacao grafica\programas cod\megamania_versionjohn\megamania_versionjohn\origem.cpp(1117): warning C4244: 'argumento': conversão de 'int' para 'GLfloat', possível perda de dados
d:\john\ifc 5fase\materias\computacao grafica\programas cod\megamania_versionjohn\megamania_versionjohn\origem.cpp(1118): warning C4244: 'argumento': conversão de 'int' para 'GLfloat', possível perda de dados
d:\john\ifc 5fase\materias\computacao grafica\programas cod\megamania_versionjohn\megamania_versionjohn\origem.cpp(1119): warning C4244: 'argumento': conversão de 'int' para 'GLfloat', possível perda de dados
d:\john\ifc 5fase\materias\computacao grafica\programas cod\megamania_versionjohn\megamania_versionjohn\origem.cpp(1124): warning C4244: 'argumento': conversão de 'int' para 'GLfloat', possível perda de dados
d:\john\ifc 5fase\materias\computacao grafica\programas cod\megamania_versionjohn\megamania_versionjohn\origem.cpp(1125): warning C4244: 'argumento': conversão de 'int' para 'GLfloat', possível perda de dados
d:\john\ifc 5fase\materias\computacao grafica\programas cod\megamania_versionjohn\megamania_versionjohn\origem.cpp(1126): warning C4244: 'argumento': conversão de 'int' para 'GLfloat', possível perda de dados
d:\john\ifc 5fase\materias\computacao grafica\programas cod\megamania_versionjohn\megamania_versionjohn\origem.cpp(1127): warning C4244: 'argumento': conversão de 'int' para 'GLfloat', possível perda de dados
d:\john\ifc 5fase\materias\computacao grafica\programas cod\megamania_versionjohn\megamania_versionjohn\origem.cpp(1132): warning C4244: 'argumento': conversão de 'int' para 'GLfloat', possível perda de dados
d:\john\ifc 5fase\materias\computacao grafica\programas cod\megamania_versionjohn\megamania_versionjohn\origem.cpp(1133): warning C4244: 'argumento': conversão de 'int' para 'GLfloat', possível perda de dados
d:\john\ifc 5fase\materias\computacao grafica\programas cod\megamania_versionjohn\megamania_versionjohn\origem.cpp(1134): warning C4244: 'argumento': conversão de 'int' para 'GLfloat', possível perda de dados
d:\john\ifc 5fase\materias\computacao grafica\programas cod\megamania_versionjohn\megamania_versionjohn\origem.cpp(1135): warning C4244: 'argumento': conversão de 'int' para 'GLfloat', possível perda de dados
d:\john\ifc 5fase\materias\computacao grafica\programas cod\megamania_versionjohn\megamania_versionjohn\origem.cpp(1146): warning C4244: 'argumento': conversão de 'int' para 'GLfloat', possível perda de dados
  MegaMania_VersionJohn.vcxproj -> D:\JOHN\IFC 5FASE\Materias\Computacao grafica\programas cod\MegaMania_VersionJohn\Debug\MegaMania_VersionJohn.exe
